#
# A fatal error has been detected by the Java Runtime Environment:
#
#  SIGSEGV (0xb) at pc=0x000000013c2e706c, pid=41303, tid=40195
#
# JRE version: Java(TM) SE Runtime Environment (21.0.3+7) (build 21.0.3+7-LTS-152)
# Java VM: Java HotSpot(TM) 64-Bit Server VM (21.0.3+7-LTS-152, mixed mode, sharing, tiered, compressed oops, compressed class ptrs, g1 gc, bsd-aarch64)
# Problematic frame:
# C  [libonnxruntime.dylib+0x98b06c]  onnxruntime::logging::LoggingManager::Log(std::__1::basic_string<char, std::__1::char_traits<char>, std::__1::allocator<char>> const&, onnxruntime::logging::Capture const&) const+0x94
#
# No core dump will be written. Core dumps have been disabled. To enable core dumping, try "ulimit -c unlimited" before starting Java again
#
# If you would like to submit a bug report, please visit:
#   https://bugreport.java.com/bugreport/crash.jsp
# The crash happened outside the Java Virtual Machine in native code.
# See problematic frame for where to report the bug.
#

---------------  S U M M A R Y ------------

Command Line: -javaagent:/Applications/IntelliJ IDEA CE.app/Contents/lib/idea_rt.jar=57139:/Applications/IntelliJ IDEA CE.app/Contents/bin -Dfile.encoding=UTF-8 -Dsun.stdout.encoding=UTF-8 -Dsun.stderr.encoding=UTF-8 org.example.Chatbot

Host: "Mac14,2" arm64, 8 cores, 8G, Darwin 24.0.0, macOS 15.0 (24A335)
Time: Tue Oct 15 18:20:38 2024 IST elapsed time: 482.884331 seconds (0d 0h 8m 2s)

---------------  T H R E A D  ---------------

Current thread (0x000000011dac5400):  JavaThread "pool-1-thread-8" [_thread_in_native, id=40195, stack(0x0000000174354000,0x0000000174557000) (2060K)]

Stack: [0x0000000174354000,0x0000000174557000],  sp=0x0000000174554e20,  free space=2051k
Native frames: (J=compiled Java code, j=interpreted, Vv=VM code, C=native code)
C  [libonnxruntime.dylib+0x98b06c]  onnxruntime::logging::LoggingManager::Log(std::__1::basic_string<char, std::__1::char_traits<char>, std::__1::allocator<char>> const&, onnxruntime::logging::Capture const&) const+0x94
C  [libonnxruntime.dylib+0x98a5a4]  onnxruntime::logging::Capture::~Capture()+0x28
C